<?xml version="1.0" encoding="UTF-8"?>
<!-- Generated by org.testng.reporters.JUnitXMLReporter -->
<testsuite hostname="LAPTOP-M2DO8JV9" ignored="0" name="InternetExplorer" tests="1" failures="1" timestamp="22 Mar 2021 09:32:52 GMT" time="0.041" errors="0">
  <testcase name="test1" time="0.012" classname="Practice.Monsterindia">
    <failure type="java.lang.NullPointerException">
      <![CDATA[java.lang.NullPointerException
at Practice.Monsterindia.test1(Monsterindia.java:44)
at java.util.concurrent.FutureTask.run(Unknown Source)
at java.util.concurrent.ThreadPoolExecutor.runWorker(Unknown Source)
at java.util.concurrent.ThreadPoolExecutor$Worker.run(Unknown Source)
at java.lang.Thread.run(Unknown Source)
... Removed 16 stack frames]]>
    </failure>
  </testcase> <!-- test1 -->
</testsuite> <!-- InternetExplorer -->
