<?xml version="1.0" encoding="UTF-8"?>
<!-- Generated by org.testng.reporters.JUnitXMLReporter -->
<testsuite hostname="Lenovo" ignored="0" name="Test" tests="3" failures="0" timestamp="03 Dec 2020 06:09:01 GMT" time="718.435" errors="0">
  <testcase name="feature" time="262.493" classname="com.PageSpeed.CucumberOptions.TestRunner"/>
  <testcase name="feature" time="424.897" classname="com.PageSpeed.CucumberOptions.TestRunner"/>
  <testcase name="feature" time="30.564" classname="com.PageSpeed.CucumberOptions.TestRunner"/>
</testsuite> <!-- Test -->
