<?xml version="1.0" encoding="UTF-8"?>
<!-- Generated by org.testng.reporters.JUnitXMLReporter -->
<testsuite hostname="Lenovo" ignored="0" name="Test" tests="3" failures="0" timestamp="07 Dec 2020 03:53:20 GMT" time="769.465" errors="0">
  <testcase name="feature" time="282.967" classname="com.PageSpeed.CucumberOptions.TestRunner"/>
  <testcase name="feature" time="455.169" classname="com.PageSpeed.CucumberOptions.TestRunner"/>
  <testcase name="feature" time="30.865" classname="com.PageSpeed.CucumberOptions.TestRunner"/>
</testsuite> <!-- Test -->
