<?xml version="1.0" encoding="UTF-8"?>
<testng-results skipped="0" failed="0" ignored="0" total="1" passed="1">
  <reporter-output>
  </reporter-output>
  <suite name="Suite" duration-ms="38288" started-at="2020-12-10T16:04:54Z" finished-at="2020-12-10T16:05:33Z">
    <groups>
      <group name="cucumber">
        <method signature="TestRunner.feature(cucumber.api.testng.CucumberFeatureWrapper)[pri:0, instance:com.PageSpeed.CucumberOptions.TestRunner@691a7f8f]" name="feature" class="com.PageSpeed.CucumberOptions.TestRunner"/>
      </group> <!-- cucumber -->
    </groups>
    <test name="Test" duration-ms="38288" started-at="2020-12-10T16:04:54Z" finished-at="2020-12-10T16:05:33Z">
      <class name="com.PageSpeed.CucumberOptions.TestRunner">
        <test-method status="PASS" signature="setupclass()[pri:0, instance:com.PageSpeed.CucumberOptions.TestRunner@691a7f8f]" name="setupclass" is-config="true" duration-ms="310" started-at="2020-12-10T16:04:54Z" finished-at="2020-12-10T16:04:55Z">
          <reporter-output>
          </reporter-output>
        </test-method> <!-- setupclass -->
        <test-method status="PASS" signature="feature(cucumber.api.testng.CucumberFeatureWrapper)[pri:0, instance:com.PageSpeed.CucumberOptions.TestRunner@691a7f8f]" name="feature" duration-ms="37814" started-at="2020-12-10T16:04:55Z" description="Run cucumber features" data-provider="features" finished-at="2020-12-10T16:05:33Z">
          <params>
            <param index="0">
              <value>
                <![CDATA[Page Speed Testing - Home Page]]>
              </value>
            </param>
          </params>
          <reporter-output>
          </reporter-output>
        </test-method> <!-- feature -->
        <test-method status="PASS" signature="teatdownclass()[pri:0, instance:com.PageSpeed.CucumberOptions.TestRunner@691a7f8f]" name="teatdownclass" is-config="true" duration-ms="49" started-at="2020-12-10T16:05:33Z" finished-at="2020-12-10T16:05:33Z">
          <reporter-output>
          </reporter-output>
        </test-method> <!-- teatdownclass -->
      </class> <!-- com.PageSpeed.CucumberOptions.TestRunner -->
    </test> <!-- Test -->
  </suite> <!-- Suite -->
</testng-results>
