<?xml version="1.0" encoding="UTF-8"?>
<testng-results skipped="0" failed="0" ignored="0" total="3" passed="3">
  <reporter-output>
  </reporter-output>
  <suite name="Suite" duration-ms="769465" started-at="2020-12-07T03:40:31Z" finished-at="2020-12-07T03:53:20Z">
    <groups>
      <group name="cucumber">
        <method signature="TestRunner.feature(cucumber.api.testng.CucumberFeatureWrapper)[pri:0, instance:com.PageSpeed.CucumberOptions.TestRunner@731f8236]" name="feature" class="com.PageSpeed.CucumberOptions.TestRunner"/>
      </group> <!-- cucumber -->
    </groups>
    <test name="Test" duration-ms="769465" started-at="2020-12-07T03:40:31Z" finished-at="2020-12-07T03:53:20Z">
      <class name="com.PageSpeed.CucumberOptions.TestRunner">
        <test-method status="PASS" signature="setupclass()[pri:0, instance:com.PageSpeed.CucumberOptions.TestRunner@731f8236]" name="setupclass" is-config="true" duration-ms="271" started-at="2020-12-07T03:40:31Z" finished-at="2020-12-07T03:40:31Z">
          <reporter-output>
          </reporter-output>
        </test-method> <!-- setupclass -->
        <test-method status="PASS" signature="feature(cucumber.api.testng.CucumberFeatureWrapper)[pri:0, instance:com.PageSpeed.CucumberOptions.TestRunner@731f8236]" name="feature" duration-ms="282967" started-at="2020-12-07T03:40:31Z" description="Run cucumber features" data-provider="features" finished-at="2020-12-07T03:45:14Z">
          <params>
            <param index="0">
              <value>
                <![CDATA[Page Speed Testing - Career Pages]]>
              </value>
            </param>
          </params>
          <reporter-output>
          </reporter-output>
        </test-method> <!-- feature -->
        <test-method status="PASS" signature="feature(cucumber.api.testng.CucumberFeatureWrapper)[pri:0, instance:com.PageSpeed.CucumberOptions.TestRunner@731f8236]" name="feature" duration-ms="455169" started-at="2020-12-07T03:45:14Z" description="Run cucumber features" data-provider="features" finished-at="2020-12-07T03:52:49Z">
          <params>
            <param index="0">
              <value>
                <![CDATA[Page Speed Testing - Program Pages]]>
              </value>
            </param>
          </params>
          <reporter-output>
          </reporter-output>
        </test-method> <!-- feature -->
        <test-method status="PASS" signature="feature(cucumber.api.testng.CucumberFeatureWrapper)[pri:0, instance:com.PageSpeed.CucumberOptions.TestRunner@731f8236]" name="feature" duration-ms="30865" started-at="2020-12-07T03:52:49Z" description="Run cucumber features" data-provider="features" finished-at="2020-12-07T03:53:20Z">
          <params>
            <param index="0">
              <value>
                <![CDATA[Page Speed Testing - Home Page]]>
              </value>
            </param>
          </params>
          <reporter-output>
          </reporter-output>
        </test-method> <!-- feature -->
        <test-method status="PASS" signature="teatdownclass()[pri:0, instance:com.PageSpeed.CucumberOptions.TestRunner@731f8236]" name="teatdownclass" is-config="true" duration-ms="73" started-at="2020-12-07T03:53:20Z" finished-at="2020-12-07T03:53:20Z">
          <reporter-output>
          </reporter-output>
        </test-method> <!-- teatdownclass -->
      </class> <!-- com.PageSpeed.CucumberOptions.TestRunner -->
    </test> <!-- Test -->
  </suite> <!-- Suite -->
</testng-results>
