<?xml version="1.0" encoding="UTF-8"?>
<testng-results skipped="0" failed="0" ignored="0" total="1" passed="1">
  <reporter-output>
  </reporter-output>
  <suite name="Suite" duration-ms="22341" started-at="2020-12-10T14:14:39Z" finished-at="2020-12-10T14:15:01Z">
    <groups>
    </groups>
    <test name="Test" duration-ms="22341" started-at="2020-12-10T14:14:39Z" finished-at="2020-12-10T14:15:01Z">
      <class name="Practice.FullpageScreenshot">
        <test-method status="PASS" signature="start()[pri:0, instance:Practice.FullpageScreenshot@163e4e87]" name="start" is-config="true" duration-ms="17638" started-at="2020-12-10T14:14:39Z" finished-at="2020-12-10T14:14:56Z">
          <reporter-output>
          </reporter-output>
        </test-method> <!-- start -->
        <test-method status="PASS" signature="getFullPageScreenshot()[pri:0, instance:Practice.FullpageScreenshot@163e4e87]" name="getFullPageScreenshot" duration-ms="1182" started-at="2020-12-10T14:14:56Z" finished-at="2020-12-10T14:14:58Z">
          <reporter-output>
          </reporter-output>
        </test-method> <!-- getFullPageScreenshot -->
        <test-method status="PASS" signature="end()[pri:0, instance:Practice.FullpageScreenshot@163e4e87]" name="end" is-config="true" duration-ms="3469" started-at="2020-12-10T14:14:58Z" finished-at="2020-12-10T14:15:01Z">
          <reporter-output>
          </reporter-output>
        </test-method> <!-- end -->
      </class> <!-- Practice.FullpageScreenshot -->
    </test> <!-- Test -->
  </suite> <!-- Suite -->
</testng-results>
