<?xml version="1.0" encoding="UTF-8"?>
<testng-results skipped="0" failed="0" ignored="0" total="1" passed="1">
  <reporter-output>
  </reporter-output>
  <suite name="Default suite" duration-ms="9488" started-at="2021-05-22T13:17:37Z" finished-at="2021-05-22T13:17:47Z">
    <groups>
      <group name="cucumber">
        <method signature="TestRunner.feature(cucumber.api.testng.CucumberFeatureWrapper)[pri:0, instance:com.Google.CucumberOptions.TestRunner@f8c1ddd]" name="feature" class="com.Google.CucumberOptions.TestRunner"/>
      </group> <!-- cucumber -->
    </groups>
    <test name="Default test" duration-ms="9488" started-at="2021-05-22T13:17:37Z" finished-at="2021-05-22T13:17:47Z">
      <class name="com.Google.CucumberOptions.TestRunner">
        <test-method status="PASS" signature="setupclass()[pri:0, instance:com.Google.CucumberOptions.TestRunner@f8c1ddd]" name="setupclass" is-config="true" duration-ms="326" started-at="2021-05-22T13:17:37Z" finished-at="2021-05-22T13:17:38Z">
          <reporter-output>
          </reporter-output>
        </test-method> <!-- setupclass -->
        <test-method status="PASS" signature="feature(cucumber.api.testng.CucumberFeatureWrapper)[pri:0, instance:com.Google.CucumberOptions.TestRunner@f8c1ddd]" name="feature" duration-ms="9030" started-at="2021-05-22T13:17:38Z" description="Run cucumber features" data-provider="features" finished-at="2021-05-22T13:17:47Z">
          <params>
            <param index="0">
              <value>
                <![CDATA[Google Search functionality]]>
              </value>
            </param>
          </params>
          <reporter-output>
          </reporter-output>
        </test-method> <!-- feature -->
        <test-method status="PASS" signature="teatdownclass()[pri:0, instance:com.Google.CucumberOptions.TestRunner@f8c1ddd]" name="teatdownclass" is-config="true" duration-ms="27" started-at="2021-05-22T13:17:47Z" finished-at="2021-05-22T13:17:47Z">
          <reporter-output>
          </reporter-output>
        </test-method> <!-- teatdownclass -->
      </class> <!-- com.Google.CucumberOptions.TestRunner -->
    </test> <!-- Default test -->
  </suite> <!-- Default suite -->
</testng-results>
